This file contains any messages produced by compilers while
running configure, to aid debugging if configure makes a mistake.

It was created by FULL-PACKAGE-NAME configure VERSION, which was
generated by GNU Autoconf 2.69.  Invocation command line was

  $ ./configure 

## --------- ##
## Platform. ##
## --------- ##

hostname = vmc-it
uname -m = x86_64
uname -r = 4.18.0-16-generic
uname -s = Linux
uname -v = #17~18.04.1-Ubuntu SMP Tue Feb 12 13:35:51 UTC 2019

/usr/bin/uname -p = unknown
/bin/uname -X     = unknown

/bin/arch              = unknown
/usr/bin/arch -k       = unknown
/usr/convex/getsysinfo = unknown
/usr/bin/hostinfo      = unknown
/bin/machine           = unknown
/usr/bin/oslevel       = unknown
/bin/universe          = unknown

PATH: /usr/local/cuda-9.0/bin
PATH: /home/vmc/anaconda3/bin
PATH: /usr/local/sbin
PATH: /usr/local/bin
PATH: /usr/sbin
PATH: /usr/bin
PATH: /sbin
PATH: /bin
PATH: /usr/games
PATH: /usr/local/games
PATH: /usr/local/ssl/bin
PATH: /usr/local/cuda/bin
PATH: /snap/bin


## ----------- ##
## Core tests. ##
## ----------- ##

configure:2152: checking for gcc
configure:2168: found /usr/bin/gcc
configure:2179: result: gcc
configure:2408: checking for C compiler version
configure:2417: gcc --version >&5
gcc (Ubuntu 7.3.0-27ubuntu1~18.04) 7.3.0
Copyright (C) 2017 Free Software Foundation, Inc.
This is free software; see the source for copying conditions.  There is NO
warranty; not even for MERCHANTABILITY or FITNESS FOR A PARTICULAR PURPOSE.

configure:2428: $? = 0
configure:2417: gcc -v >&5
Using built-in specs.
COLLECT_GCC=gcc
COLLECT_LTO_WRAPPER=/usr/lib/gcc/x86_64-linux-gnu/7/lto-wrapper
OFFLOAD_TARGET_NAMES=nvptx-none
OFFLOAD_TARGET_DEFAULT=1
Target: x86_64-linux-gnu
Configured with: ../src/configure -v --with-pkgversion='Ubuntu 7.3.0-27ubuntu1~18.04' --with-bugurl=file:///usr/share/doc/gcc-7/README.Bugs --enable-languages=c,ada,c++,go,brig,d,fortran,objc,obj-c++ --prefix=/usr --with-gcc-major-version-only --program-suffix=-7 --program-prefix=x86_64-linux-gnu- --enable-shared --enable-linker-build-id --libexecdir=/usr/lib --without-included-gettext --enable-threads=posix --libdir=/usr/lib --enable-nls --with-sysroot=/ --enable-clocale=gnu --enable-libstdcxx-debug --enable-libstdcxx-time=yes --with-default-libstdcxx-abi=new --enable-gnu-unique-object --disable-vtable-verify --enable-libmpx --enable-plugin --enable-default-pie --with-system-zlib --with-target-system-zlib --enable-objc-gc=auto --enable-multiarch --disable-werror --with-arch-32=i686 --with-abi=m64 --with-multilib-list=m32,m64,mx32 --enable-multilib --with-tune=generic --enable-offload-targets=nvptx-none --without-cuda-driver --enable-checking=release --build=x86_64-linux-gnu --host=x86_64-linux-gnu --target=x86_64-linux-gnu
Thread model: posix
gcc version 7.3.0 (Ubuntu 7.3.0-27ubuntu1~18.04) 
configure:2428: $? = 0
configure:2417: gcc -V >&5
gcc: error: unrecognized command line option '-V'
gcc: fatal error: no input files
compilation terminated.
configure:2428: $? = 1
configure:2417: gcc -qversion >&5
gcc: error: unrecognized command line option '-qversion'; did you mean '--version'?
gcc: fatal error: no input files
compilation terminated.
configure:2428: $? = 1
configure:2448: checking whether the C compiler works
configure:2470: gcc    conftest.c  >&5
configure:2474: $? = 0
configure:2522: result: yes
configure:2525: checking for C compiler default output file name
configure:2527: result: a.out
configure:2533: checking for suffix of executables
configure:2540: gcc -o conftest    conftest.c  >&5
configure:2544: $? = 0
configure:2566: result: 
configure:2588: checking whether we are cross compiling
configure:2596: gcc -o conftest    conftest.c  >&5
configure:2600: $? = 0
configure:2607: ./conftest
configure:2611: $? = 0
configure:2626: result: no
configure:2631: checking for suffix of object files
configure:2653: gcc -c   conftest.c >&5
configure:2657: $? = 0
configure:2678: result: o
configure:2682: checking whether we are using the GNU C compiler
configure:2701: gcc -c   conftest.c >&5
configure:2701: $? = 0
configure:2710: result: yes
configure:2719: checking whether gcc accepts -g
configure:2739: gcc -c -g  conftest.c >&5
configure:2739: $? = 0
configure:2780: result: yes
configure:2797: checking for gcc option to accept ISO C89
configure:2860: gcc  -c -g -O2  conftest.c >&5
configure:2860: $? = 0
configure:2873: result: none needed
configure:2903: checking how to run the C preprocessor
configure:2934: gcc -E  conftest.c
configure:2934: $? = 0
configure:2948: gcc -E  conftest.c
conftest.c:9:10: fatal error: ac_nonexistent.h: No such file or directory
 #include <ac_nonexistent.h>
          ^~~~~~~~~~~~~~~~~~
compilation terminated.
configure:2948: $? = 1
configure: failed program was:
| /* confdefs.h */
| #define PACKAGE_NAME "FULL-PACKAGE-NAME"
| #define PACKAGE_TARNAME "full-package-name"
| #define PACKAGE_VERSION "VERSION"
| #define PACKAGE_STRING "FULL-PACKAGE-NAME VERSION"
| #define PACKAGE_BUGREPORT "BUG-REPORT-ADDRESS"
| #define PACKAGE_URL ""
| /* end confdefs.h.  */
| #include <ac_nonexistent.h>
configure:2973: result: gcc -E
configure:2993: gcc -E  conftest.c
configure:2993: $? = 0
configure:3007: gcc -E  conftest.c
conftest.c:9:10: fatal error: ac_nonexistent.h: No such file or directory
 #include <ac_nonexistent.h>
          ^~~~~~~~~~~~~~~~~~
compilation terminated.
configure:3007: $? = 1
configure: failed program was:
| /* confdefs.h */
| #define PACKAGE_NAME "FULL-PACKAGE-NAME"
| #define PACKAGE_TARNAME "full-package-name"
| #define PACKAGE_VERSION "VERSION"
| #define PACKAGE_STRING "FULL-PACKAGE-NAME VERSION"
| #define PACKAGE_BUGREPORT "BUG-REPORT-ADDRESS"
| #define PACKAGE_URL ""
| /* end confdefs.h.  */
| #include <ac_nonexistent.h>
configure:3036: checking for grep that handles long lines and -e
configure:3094: result: /bin/grep
configure:3099: checking for egrep
configure:3161: result: /bin/grep -E
configure:3166: checking for ANSI C header files
configure:3186: gcc -c -g -O2  conftest.c >&5
configure:3186: $? = 0
configure:3259: gcc -o conftest -g -O2   conftest.c  >&5
configure:3259: $? = 0
configure:3259: ./conftest
configure:3259: $? = 0
configure:3270: result: yes
configure:3283: checking for sys/types.h
configure:3283: gcc -c -g -O2  conftest.c >&5
configure:3283: $? = 0
configure:3283: result: yes
configure:3283: checking for sys/stat.h
configure:3283: gcc -c -g -O2  conftest.c >&5
configure:3283: $? = 0
configure:3283: result: yes
configure:3283: checking for stdlib.h
configure:3283: gcc -c -g -O2  conftest.c >&5
configure:3283: $? = 0
configure:3283: result: yes
configure:3283: checking for string.h
configure:3283: gcc -c -g -O2  conftest.c >&5
configure:3283: $? = 0
configure:3283: result: yes
configure:3283: checking for memory.h
configure:3283: gcc -c -g -O2  conftest.c >&5
configure:3283: $? = 0
configure:3283: result: yes
configure:3283: checking for strings.h
configure:3283: gcc -c -g -O2  conftest.c >&5
configure:3283: $? = 0
configure:3283: result: yes
configure:3283: checking for inttypes.h
configure:3283: gcc -c -g -O2  conftest.c >&5
configure:3283: $? = 0
configure:3283: result: yes
configure:3283: checking for stdint.h
configure:3283: gcc -c -g -O2  conftest.c >&5
configure:3283: $? = 0
configure:3283: result: yes
configure:3283: checking for unistd.h
configure:3283: gcc -c -g -O2  conftest.c >&5
configure:3283: $? = 0
configure:3283: result: yes
configure:3297: checking sys/time.h usability
configure:3297: gcc -c -g -O2  conftest.c >&5
configure:3297: $? = 0
configure:3297: result: yes
configure:3297: checking sys/time.h presence
configure:3297: gcc -E  conftest.c
configure:3297: $? = 0
configure:3297: result: yes
configure:3297: checking for sys/time.h
configure:3297: result: yes
configure:3313: checking for gettimeofday
configure:3313: gcc -o conftest -g -O2   conftest.c  >&5
configure:3313: $? = 0
configure:3313: result: yes
configure:3439: creating ./config.status

## ---------------------- ##
## Running config.status. ##
## ---------------------- ##

This file was extended by FULL-PACKAGE-NAME config.status VERSION, which was
generated by GNU Autoconf 2.69.  Invocation command line was

  CONFIG_FILES    = 
  CONFIG_HEADERS  = 
  CONFIG_LINKS    = 
  CONFIG_COMMANDS = 
  $ ./config.status 

on vmc-it

config.status:800: creating Makefile
config.status:800: creating config.h
config.status:970: config.h is unchanged

## ---------------- ##
## Cache variables. ##
## ---------------- ##

ac_cv_c_compiler_gnu=yes
ac_cv_env_CC_set=
ac_cv_env_CC_value=
ac_cv_env_CFLAGS_set=
ac_cv_env_CFLAGS_value=
ac_cv_env_CPPFLAGS_set=
ac_cv_env_CPPFLAGS_value=
ac_cv_env_CPP_set=
ac_cv_env_CPP_value=
ac_cv_env_LDFLAGS_set=
ac_cv_env_LDFLAGS_value=
ac_cv_env_LIBS_set=
ac_cv_env_LIBS_value=
ac_cv_env_build_alias_set=
ac_cv_env_build_alias_value=
ac_cv_env_host_alias_set=
ac_cv_env_host_alias_value=
ac_cv_env_target_alias_set=
ac_cv_env_target_alias_value=
ac_cv_func_gettimeofday=yes
ac_cv_header_inttypes_h=yes
ac_cv_header_memory_h=yes
ac_cv_header_stdc=yes
ac_cv_header_stdint_h=yes
ac_cv_header_stdlib_h=yes
ac_cv_header_string_h=yes
ac_cv_header_strings_h=yes
ac_cv_header_sys_stat_h=yes
ac_cv_header_sys_time_h=yes
ac_cv_header_sys_types_h=yes
ac_cv_header_unistd_h=yes
ac_cv_objext=o
ac_cv_path_EGREP='/bin/grep -E'
ac_cv_path_GREP=/bin/grep
ac_cv_prog_CPP='gcc -E'
ac_cv_prog_ac_ct_CC=gcc
ac_cv_prog_cc_c89=
ac_cv_prog_cc_g=yes

## ----------------- ##
## Output variables. ##
## ----------------- ##

CC='gcc'
CFLAGS='-g -O2'
CPP='gcc -E'
CPPFLAGS=''
DEFS='-DHAVE_CONFIG_H'
ECHO_C=''
ECHO_N='-n'
ECHO_T=''
EGREP='/bin/grep -E'
EXEEXT=''
GREP='/bin/grep'
LDFLAGS=''
LIBOBJS=''
LIBS=''
LTLIBOBJS=''
OBJEXT='o'
PACKAGE_BUGREPORT='BUG-REPORT-ADDRESS'
PACKAGE_NAME='FULL-PACKAGE-NAME'
PACKAGE_STRING='FULL-PACKAGE-NAME VERSION'
PACKAGE_TARNAME='full-package-name'
PACKAGE_URL=''
PACKAGE_VERSION='VERSION'
PATH_SEPARATOR=':'
SHELL='/bin/bash'
ac_ct_CC='gcc'
bindir='${exec_prefix}/bin'
build_alias=''
datadir='${datarootdir}'
datarootdir='${prefix}/share'
docdir='${datarootdir}/doc/${PACKAGE_TARNAME}'
dvidir='${docdir}'
exec_prefix='${prefix}'
host_alias=''
htmldir='${docdir}'
includedir='${prefix}/include'
infodir='${datarootdir}/info'
libdir='${exec_prefix}/lib'
libexecdir='${exec_prefix}/libexec'
localedir='${datarootdir}/locale'
localstatedir='${prefix}/var'
mandir='${datarootdir}/man'
oldincludedir='/usr/include'
pdfdir='${docdir}'
prefix='/usr/local'
program_transform_name='s,x,x,'
psdir='${docdir}'
runstatedir='${localstatedir}/run'
sbindir='${exec_prefix}/sbin'
sharedstatedir='${prefix}/com'
sysconfdir='${prefix}/etc'
target_alias=''

## ----------- ##
## confdefs.h. ##
## ----------- ##

/* confdefs.h */
#define PACKAGE_NAME "FULL-PACKAGE-NAME"
#define PACKAGE_TARNAME "full-package-name"
#define PACKAGE_VERSION "VERSION"
#define PACKAGE_STRING "FULL-PACKAGE-NAME VERSION"
#define PACKAGE_BUGREPORT "BUG-REPORT-ADDRESS"
#define PACKAGE_URL ""
#define STDC_HEADERS 1
#define HAVE_SYS_TYPES_H 1
#define HAVE_SYS_STAT_H 1
#define HAVE_STDLIB_H 1
#define HAVE_STRING_H 1
#define HAVE_MEMORY_H 1
#define HAVE_STRINGS_H 1
#define HAVE_INTTYPES_H 1
#define HAVE_STDINT_H 1
#define HAVE_UNISTD_H 1
#define HAVE_SYS_TIME_H 1
#define HAVE_GETTIMEOFDAY 1

configure: exit 0
